21:06:50 **** Incremental Build of configuration Debug for project Ejercicio3 ****
make all 
Building file: ../main.c
Invoking: Cygwin C Compiler
gcc -O0 -g3 -Wall -c -fmessage-length=0 -MMD -MP -MF"main.d" -MT"main.o" -o "main.o" "../main.c"
../main.c: In function 'main':
../main.c:33:4: warning: statement with no effect [-Wunused-value]
  q - r;
  ~~^~~
../main.c:35:11: warning: format '%d' expects argument of type 'int', but argument 2 has type 'long int' [-Wformat=]
  printf("%d", (q-r));
           ^
../main.c:39:4: warning: statement with no effect [-Wunused-value]
  q - p;
  ~~^~~
Finished building: ../main.c
 
Building target: Ejercicio3.exe
Invoking: Cygwin C Linker
gcc  -o "Ejercicio3.exe"  ./main.o   
Finished building target: Ejercicio3.exe
 

21:06:51 Build Finished (took 317ms)

