22:40:26 **** Incremental Build of configuration Debug for project Ejercicio4 ****
make all 
Building file: ../main.c
Invoking: Cygwin C Compiler
gcc -O0 -g3 -Wall -c -fmessage-length=0 -MMD -MP -MF"main.d" -MT"main.o" -o "main.o" "../main.c"
../main.c: In function 'main':
../main.c:8:2: warning: implicit declaration of function 'imprimir' [-Wimplicit-function-declaration]
  imprimir(sinSigno,sizeof(sinSigno),sizeof(unsigned));
  ^~~~~~~~
../main.c:6:9: warning: unused variable 'dobles' [-Wunused-variable]
  double dobles[] = {10.0, 2.0, 3.4, 7.0, 50.0};
         ^~~~~~
../main.c:4:6: warning: unused variable 'enteros' [-Wunused-variable]
  int enteros[] = {100,3,5};
      ^~~~~~~
../main.c: At top level:
../main.c:14:6: warning: conflicting types for 'imprimir'
 void imprimir(char* array, int tamano_total,int tamano_tipo){
      ^~~~~~~~
../main.c:8:2: note: previous implicit declaration of 'imprimir' was here
  imprimir(sinSigno,sizeof(sinSigno),sizeof(unsigned));
  ^~~~~~~~
Finished building: ../main.c
 
Building target: Ejercicio4.exe
Invoking: Cygwin C Linker
gcc  -o "Ejercicio4.exe"  ./main.o   
Finished building target: Ejercicio4.exe
 

22:40:27 Build Finished (took 313ms)

