21:47:19 **** Incremental Build of configuration Debug for project Ejercicio3 ****
make all 
Building file: ../main.c
Invoking: Cygwin C Compiler
gcc -O0 -g3 -Wall -c -fmessage-length=0 -MMD -MP -MF"main.d" -MT"main.o" -o "main.o" "../main.c"
../main.c: In function 'main':
../main.c:6:5: warning: implicit declaration of function 'printf' [-Wimplicit-function-declaration]
     printf("sizeof(decimales): %d\n", sizeof(decimales));
     ^~~~~~
../main.c:6:5: warning: incompatible implicit declaration of built-in function 'printf'
../main.c:6:5: note: include '<stdio.h>' or provide a declaration of 'printf'
../main.c:6:33: warning: format '%d' expects argument of type 'int', but argument 2 has type 'long unsigned int' [-Wformat=]
     printf("sizeof(decimales): %d\n", sizeof(decimales));
                                 ^
../main.c:7:31: warning: format '%d' expects argument of type 'int', but argument 2 has type 'long unsigned int' [-Wformat=]
     printf("sizeof(enteros): %d\n", sizeof(enteros));
                               ^
../main.c:9:30: warning: format '%d' expects argument of type 'int', but argument 2 has type 'long unsigned int' [-Wformat=]
     printf("sizeof(double): %d\n", sizeof(double));
                              ^
../main.c:10:27: warning: format '%d' expects argument of type 'int', but argument 2 has type 'long unsigned int' [-Wformat=]
     printf("sizeof(int): %d\n", sizeof(int));
                           ^
../main.c:11:29: warning: format '%d' expects argument of type 'int', but argument 2 has type 'long unsigned int' [-Wformat=]
     printf("sizeof(float): %d\n", sizeof(float));
                             ^
Finished building: ../main.c
 
Building target: Ejercicio3.exe
Invoking: Cygwin C Linker
gcc  -o "Ejercicio3.exe"  ./main.o   
Finished building target: Ejercicio3.exe
 

21:47:19 Build Finished (took 262ms)

