22:52:25 **** Incremental Build of configuration Debug for project Ejercicio8 ****
make all 
Building file: ../main.c
Invoking: Cygwin C Compiler
gcc -O0 -g3 -Wall -c -fmessage-length=0 -MMD -MP -MF"main.d" -MT"main.o" -o "main.o" "../main.c"
../main.c: In function 'main':
../main.c:8:2: warning: implicit declaration of function 'reverti_dos' [-Wimplicit-function-declaration]
  reverti_dos(origen, destino, numero_elementos);
  ^~~~~~~~~~~
../main.c: At top level:
../main.c:12:6: warning: conflicting types for 'reverti_dos'
 void reverti_dos(int* origen, int*destino,int numero_elementos){
      ^~~~~~~~~~~
../main.c:8:2: note: previous implicit declaration of 'reverti_dos' was here
  reverti_dos(origen, destino, numero_elementos);
  ^~~~~~~~~~~
Finished building: ../main.c
 
Building target: Ejercicio8.exe
Invoking: Cygwin C Linker
gcc  -o "Ejercicio8.exe"  ./main.o   
Finished building target: Ejercicio8.exe
 

22:52:25 Build Finished (took 313ms)

