17:57:20 **** Build of configuration Debug for project Ejercicio12 ****
make all 
Building file: ../main.c
Invoking: Cygwin C Compiler
gcc -O0 -g3 -Wall -c -fmessage-length=0 -MMD -MP -MF"main.d" -MT"main.o" -o "main.o" "../main.c"
../main.c: In function 'main':
../main.c:13:5: warning: implicit declaration of function 'concatenar' [-Wimplicit-function-declaration]
     concatenar(destino, a, b,sizeof(int),sizeof(int),numero_elementos_a,numero_elementos_b);
     ^~~~~~~~~~
../main.c: At top level:
../main.c:17:6: warning: conflicting types for 'concatenar'
 void concatenar(void* destino, void* a, void* b,int tamano_a, int tamano_b,int numero_elementos_a,int numero_elementos_b){
      ^~~~~~~~~~
../main.c:13:5: note: previous implicit declaration of 'concatenar' was here
     concatenar(destino, a, b,sizeof(int),sizeof(int),numero_elementos_a,numero_elementos_b);
     ^~~~~~~~~~
Finished building: ../main.c
 
Building target: Ejercicio12.exe
Invoking: Cygwin C Linker
gcc  -o "Ejercicio12.exe"  ./main.o   
Finished building target: Ejercicio12.exe
 
